<?xml version="1.0" encoding="UTF-8"?>
<!-- Generated by org.testng.reporters.JUnitXMLReporter -->
<testsuite ignored="0" hostname="Mrunal" failures="1" tests="10" name="Page object models Test" time="136.041" errors="0" timestamp="2023-03-29T17:46:30 IST">
  <testcase classname="com.bridgelabz.qa.POM.PageTests.LoginPage_Test" name="loginPageTitleTest" time="0.075"/>
  <testcase classname="com.bridgelabz.qa.POM.PageTests.LoginPage_Test" name="loginTest" time="6.978"/>
  <testcase classname="com.bridgelabz.qa.POM.PageTests.HomePage_Test" name="homePageTitleTest" time="6.901">
    <failure type="java.lang.AssertionError" message="expected [Facebook] but found []">
      <![CDATA[java.lang.AssertionError: expected [Facebook] but found []
at com.bridgelabz.qa.POM.PageTests.HomePage_Test.homePageTitleTest(HomePage_Test.java:37)
at java.base/java.util.ArrayList.forEach(ArrayList.java:1511)
... Removed 33 stack frames]]>
    </failure>
  </testcase> <!-- homePageTitleTest -->
  <testcase classname="com.bridgelabz.qa.POM.PageTests.HomePage_Test" name="verifyUSerNameTest" time="5.639"/>
  <testcase classname="com.bridgelabz.qa.POM.PageTests.HomePage_Test" name="verifyFriendPage" time="18.168"/>
  <testcase classname="com.bridgelabz.qa.POM.PageTests.HomePage_Test" name="verifyMarketPlacePage" time="10.088"/>
  <testcase classname="com.bridgelabz.qa.POM.PageTests.FriendPage_Test" name="verifyFriendPageLabelTest" time="0.715"/>
  <testcase classname="com.bridgelabz.qa.POM.PageTests.FriendPage_Test" name="clickOnFriendRequest" time="7.41"/>
  <testcase classname="com.bridgelabz.qa.POM.PageTests.MarketPlacePage_Test" name="marketPlacePageTitleTest" time="0.149"/>
  <testcase classname="com.bridgelabz.qa.POM.PageTests.MarketPlacePage_Test" name="clickOnVehiclesTest" time="6.271"/>
</testsuite> <!-- Page object models Test -->
